<?xml version="1.0" encoding="UTF-8"?>
<testsuite xmlns:xsi="http://www.w3.org/2001/XMLSchema-instance" xsi:schemaLocation="https://maven.apache.org/surefire/maven-surefire-plugin/xsd/surefire-test-report.xsd" name="TestSuite" time="137.438" tests="12" errors="0" skipped="0" failures="0">
  <properties>
    <property name="java.runtime.name" value="Java(TM) SE Runtime Environment"/>
    <property name="sun.boot.library.path" value="C:\Program Files (x86)\Java\jdk1.8.0_45\jre\bin"/>
    <property name="java.vm.version" value="25.45-b02"/>
    <property name="java.vm.vendor" value="Oracle Corporation"/>
    <property name="maven.multiModuleProjectDirectory" value="E:\Eclipse_Project\Maven_Accuride"/>
    <property name="java.vendor.url" value="http://java.oracle.com/"/>
    <property name="path.separator" value=";"/>
    <property name="guice.disable.misplaced.annotation.check" value="true"/>
    <property name="java.vm.name" value="Java HotSpot(TM) Client VM"/>
    <property name="file.encoding.pkg" value="sun.io"/>
    <property name="user.script" value=""/>
    <property name="user.country" value="IN"/>
    <property name="sun.java.launcher" value="SUN_STANDARD"/>
    <property name="sun.os.patch.level" value="Service Pack 1"/>
    <property name="java.vm.specification.name" value="Java Virtual Machine Specification"/>
    <property name="user.dir" value="E:\Eclipse_Project\Maven_Accuride"/>
    <property name="java.runtime.version" value="1.8.0_45-b15"/>
    <property name="java.awt.graphicsenv" value="sun.awt.Win32GraphicsEnvironment"/>
    <property name="java.endorsed.dirs" value="C:\Program Files (x86)\Java\jdk1.8.0_45\jre\lib\endorsed"/>
    <property name="os.arch" value="x86"/>
    <property name="java.io.tmpdir" value="C:\Users\CHANDA~1.BHA\AppData\Local\Temp\"/>
    <property name="line.separator" value="&#10;"/>
    <property name="java.vm.specification.vendor" value="Oracle Corporation"/>
    <property name="user.variant" value=""/>
    <property name="os.name" value="Windows 7"/>
    <property name="classworlds.conf" value="E:\Eclipse_Project\.metadata\.plugins\org.eclipse.m2e.launching\launches\m2conf1926122361748814959.tmp"/>
    <property name="sun.jnu.encoding" value="Cp1252"/>
    <property name="java.library.path" value="C:\Program Files (x86)\Java\jdk1.8.0_45\bin;C:\Windows\Sun\Java\bin;C:\Windows\system32;C:\Windows;C:/Program Files/Java/jre1.8.0_152/bin/server;C:/Program Files/Java/jre1.8.0_152/bin;C:/Program Files/Java/jre1.8.0_152/lib/amd64;C:\Windows\system32;C:\Windows;C:\Windows\system32\Wbem;C:\Program Files (x86)\Common Files\Oracle\Java\javapath;C:\ProgramData\Oracle\Java\javapath;C:\Windows\System32;E:\Software\Appium\Android-SDK\tools;E:\Software\Appium\Android-SDK\platform-tools;C:\Program Files\nodejs\;C:\Program Files\Git\cmd;E:\Software\Maven\apache-maven-3.6.3\bin;C:\Users\chandan.bhagat\AppData\Roaming\npm;E:\Software\Eclipse_Oxygen-64\eclipse;;."/>
    <property name="java.specification.name" value="Java Platform API Specification"/>
    <property name="java.class.version" value="52.0"/>
    <property name="sun.management.compiler" value="HotSpot Client Compiler"/>
    <property name="os.version" value="6.1"/>
    <property name="user.home" value="C:\Users\chandan.bhagat"/>
    <property name="user.timezone" value="Asia/Calcutta"/>
    <property name="java.awt.printerjob" value="sun.awt.windows.WPrinterJob"/>
    <property name="java.specification.version" value="1.8"/>
    <property name="file.encoding" value="Cp1252"/>
    <property name="user.name" value="chandan.bhagat"/>
    <property name="java.class.path" value="E:\Software\Eclipse_Oxygen-64\eclipse\plugins\org.eclipse.m2e.maven.runtime_1.8.3.20180227-2135\jars\plexus-classworlds-2.5.2.jar"/>
    <property name="java.vm.specification.version" value="1.8"/>
    <property name="sun.arch.data.model" value="32"/>
    <property name="java.home" value="C:\Program Files (x86)\Java\jdk1.8.0_45\jre"/>
    <property name="sun.java.command" value="org.codehaus.plexus.classworlds.launcher.Launcher -B test"/>
    <property name="java.specification.vendor" value="Oracle Corporation"/>
    <property name="user.language" value="en"/>
    <property name="awt.toolkit" value="sun.awt.windows.WToolkit"/>
    <property name="java.vm.info" value="mixed mode, sharing"/>
    <property name="java.version" value="1.8.0_45"/>
    <property name="java.ext.dirs" value="C:\Program Files (x86)\Java\jdk1.8.0_45\jre\lib\ext;C:\Windows\Sun\Java\lib\ext"/>
    <property name="sun.boot.class.path" value="C:\Program Files (x86)\Java\jdk1.8.0_45\jre\lib\resources.jar;C:\Program Files (x86)\Java\jdk1.8.0_45\jre\lib\rt.jar;C:\Program Files (x86)\Java\jdk1.8.0_45\jre\lib\sunrsasign.jar;C:\Program Files (x86)\Java\jdk1.8.0_45\jre\lib\jsse.jar;C:\Program Files (x86)\Java\jdk1.8.0_45\jre\lib\jce.jar;C:\Program Files (x86)\Java\jdk1.8.0_45\jre\lib\charsets.jar;C:\Program Files (x86)\Java\jdk1.8.0_45\jre\lib\jfr.jar;C:\Program Files (x86)\Java\jdk1.8.0_45\jre\classes"/>
    <property name="java.vendor" value="Oracle Corporation"/>
    <property name="maven.home" value="E:\Eclipse_Project\Maven_Accuride\EMBEDDED"/>
    <property name="file.separator" value="\"/>
    <property name="java.vendor.url.bug" value="http://bugreport.sun.com/bugreport/"/>
    <property name="sun.cpu.endian" value="little"/>
    <property name="sun.io.unicode.encoding" value="UnicodeLittle"/>
    <property name="sun.desktop" value="windows"/>
    <property name="sun.cpu.isalist" value="pentium_pro+mmx pentium_pro pentium+mmx pentium i486 i386 i86"/>
  </properties>
  <testcase name="checkHomePageTitle" classname="com.mavenAccuride.test.BuyProductIfUserIsNotLoggedIn" time="0.115"/>
  <testcase name="searchProductOnTheSearchbox" classname="com.mavenAccuride.test.BuyProductIfUserIsNotLoggedIn" time="20.442"/>
  <testcase name="intialProductQuantity" classname="com.mavenAccuride.test.BuyProductIfUserIsNotLoggedIn" time="2.072"/>
  <testcase name="increasingTheProductCountViaDirectField" classname="com.mavenAccuride.test.BuyProductIfUserIsNotLoggedIn" time="2.254"/>
  <testcase name="productAddToCart" classname="com.mavenAccuride.test.BuyProductIfUserIsNotLoggedIn" time="3.131"/>
  <testcase name="verifyTheCardDialogBox" classname="com.mavenAccuride.test.BuyProductIfUserIsNotLoggedIn" time="16.565"/>
  <testcase name="verifyTheProductOnShoppingPage" classname="com.mavenAccuride.test.BuyProductIfUserIsNotLoggedIn" time="5.24"/>
  <testcase name="verifyTheProceedToCartButton" classname="com.mavenAccuride.test.BuyProductIfUserIsNotLoggedIn" time="19.55"/>
  <testcase name="checkShippingPageTitle" classname="com.mavenAccuride.test.BuyProductIfUserIsNotLoggedIn" time="8.157"/>
  <testcase name="checkingUserIsNotLoggedIn" classname="com.mavenAccuride.test.BuyProductIfUserIsNotLoggedIn" time="0.115"/>
  <testcase name="validUserLogin" classname="com.mavenAccuride.test.BuyProductIfUserIsNotLoggedIn" time="41.796"/>
  <testcase name="goingToThePayementPage" classname="com.mavenAccuride.test.BuyProductIfUserIsNotLoggedIn" time="6.361"/>
</testsuite>