<?xml version="1.0" encoding="UTF-8"?>
<!-- Generated by org.testng.reporters.JUnitReportReporter -->
<testsuite hostname="CHANDANB-PC" name="com.mavenAccuride.test.BuyProductByNotLoggedInUser" tests="13" failures="0" timestamp="13 Jan 2020 05:31:26 GMT" time="125.492" errors="0">
  <testcase name="intialProductQuantity" time="2.242" classname="com.mavenAccuride.test.BuyProductByNotLoggedInUser"/>
  <testcase name="goingToThePayementPage" time="6.428" classname="com.mavenAccuride.test.BuyProductByNotLoggedInUser"/>
  <testcase name="verifyTheProductOnShoppingPage" time="5.214" classname="com.mavenAccuride.test.BuyProductByNotLoggedInUser"/>
  <testcase name="productAddToCart" time="3.324" classname="com.mavenAccuride.test.BuyProductByNotLoggedInUser"/>
  <testcase name="searchProductOnTheSearchbox" time="21.432" classname="com.mavenAccuride.test.BuyProductByNotLoggedInUser"/>
  <testcase name="verifyTheProceedToCartButton" time="11.043" classname="com.mavenAccuride.test.BuyProductByNotLoggedInUser"/>
  <testcase name="increasingTheProductCountViaDirectField" time="2.256" classname="com.mavenAccuride.test.BuyProductByNotLoggedInUser"/>
  <testcase name="validUserLogin" time="32.893" classname="com.mavenAccuride.test.BuyProductByNotLoggedInUser"/>
  <testcase name="checkHomePageTitle" time="1.203" classname="com.mavenAccuride.test.BuyProductByNotLoggedInUser"/>
  <testcase name="verifyTheCardDialogBox" time="11.943" classname="com.mavenAccuride.test.BuyProductByNotLoggedInUser"/>
  <testcase name="checkingUserIsNotLoggedIn" time="0.125" classname="com.mavenAccuride.test.BuyProductByNotLoggedInUser"/>
  <testcase name="makePayment" time="19.211" classname="com.mavenAccuride.test.BuyProductByNotLoggedInUser"/>
  <testcase name="checkShippingPageTitle" time="8.178" classname="com.mavenAccuride.test.BuyProductByNotLoggedInUser"/>
</testsuite> <!-- com.mavenAccuride.test.BuyProductByNotLoggedInUser -->
